<?xml version="1.0" encoding="UTF-8"?>
<!-- Generated by org.testng.reporters.JUnitReportReporter -->
<testsuite hostname="CoptsPC" failures="0" tests="1" name="Test.ProjectA.POM" time="87.148" errors="0" timestamp="2023-03-27T16:24:36 EDT" skipped="0">
  <testcase classname="Test.ProjectA.POM" name="rediff" time="87.148"/>
  <system-out/>
</testsuite> <!-- Test.ProjectA.POM -->
