<?xml version="1.0" encoding="UTF-8"?>
<!-- Generated by org.testng.reporters.JUnitReportReporter -->
<testsuite hostname="CoptsPC" failures="0" tests="1" name="Test.ProjectA.Amazon" time="2.046" errors="0" timestamp="2023-03-25T20:28:56 EDT" skipped="0">
  <testcase classname="Test.ProjectA.Amazon" name="Amazo" time="2.046"/>
  <system-out/>
</testsuite> <!-- Test.ProjectA.Amazon -->
